{"name":"test_reject_a_refund_request","id":"uk.gov.hmcts.reform.refunds.RefundsServiceFunctionalTest:test_reject_a_refund_request","testCaseName":"uk.gov.hmcts.reform.refunds.RefundsServiceFunctionalTest","userStory":{"id":"uk.gov.hmcts.reform.refunds.RefundsServiceFunctionalTest","storyName":"Refunds service functional test","storyClassName":"uk.gov.hmcts.reform.refunds.RefundsServiceFunctionalTest","path":"uk.gov.hmcts.reform.refunds","type":"story"},"featureTag":{"name":"Refunds/Refunds service functional test","type":"story","displayName":"Refunds/Refunds service functional test"},"title":"Test reject a refund request","tags":[{"name":"Refunds/Refunds service functional test","type":"story","displayName":"Refunds/Refunds service functional test"}],"startTime":"2021-09-10T16:45:21.273043+01:00[Europe/London]","duration":30574,"testFailureCause":{"errorType":"java.lang.AssertionError","message":"1 expectation failed.\nExpected status code \u003c201\u003e but was \u003c500\u003e.\n","stackTrace":[{"classLoaderName":"app","declaringClass":"io.restassured.internal.ResponseSpecificationImpl","methodName":"validateResponseIfRequired","fileName":"ResponseSpecificationImpl.groovy","lineNumber":656,"format":1},{"classLoaderName":"app","declaringClass":"io.restassured.internal.ResponseSpecificationImpl","methodName":"statusCode","fileName":"ResponseSpecificationImpl.groovy","lineNumber":125,"format":1},{"classLoaderName":"app","declaringClass":"io.restassured.internal.ResponseSpecificationImpl","methodName":"statusCode","fileName":"ResponseSpecificationImpl.groovy","lineNumber":133,"format":1},{"classLoaderName":"app","declaringClass":"io.restassured.internal.ValidatableResponseOptionsImpl","methodName":"statusCode","fileName":"ValidatableResponseOptionsImpl.java","lineNumber":119,"format":1},{"classLoaderName":"app","declaringClass":"uk.gov.hmcts.reform.refunds.RefundsServiceFunctionalTest","methodName":"test_reject_a_refund_request","fileName":"RefundsServiceFunctionalTest.java","lineNumber":136,"format":1},{"classLoaderName":"app","declaringClass":"org.springframework.test.context.junit4.statements.RunBeforeTestMethodCallbacks","methodName":"evaluate","fileName":"RunBeforeTestMethodCallbacks.java","lineNumber":75,"format":1},{"classLoaderName":"app","declaringClass":"org.springframework.test.context.junit4.statements.RunAfterTestMethodCallbacks","methodName":"evaluate","fileName":"RunAfterTestMethodCallbacks.java","lineNumber":86,"format":1},{"classLoaderName":"app","declaringClass":"org.springframework.test.context.junit4.statements.RunBeforeTestClassCallbacks","methodName":"evaluate","fileName":"RunBeforeTestClassCallbacks.java","lineNumber":61,"format":1},{"classLoaderName":"app","declaringClass":"org.springframework.test.context.junit4.statements.RunAfterTestClassCallbacks","methodName":"evaluate","fileName":"RunAfterTestClassCallbacks.java","lineNumber":70,"format":1}]},"testFailureClassname":"java.lang.AssertionError","testFailureMessage":"1 expectation failed.\nExpected status code \u003c201\u003e but was \u003c500\u003e.\n","testFailureSummary":"FAILURE;java.lang.AssertionError;1 expectation failed.\nExpected status code \u003c201\u003e but was \u003c500\u003e.\n;ResponseSpecificationImpl.groovy","projectKey":"","annotatedResult":"FAILURE","isManualTestingUpToDate":false,"manual":false,"testSource":"JUnit","order":0,"result":"FAILURE"}