<?xml version="1.0" encoding="UTF-8"?><testsuite errors="0" failures="1" name="uk.gov.hmcts.reform.refunds.RefundsApproverJourneyFunctionalTest" skipped="1" tests="3" time="30.58" timestamp="2021-09-10 04:45:21"><testcase classname="uk.gov.hmcts.reform.refunds.RefundsApproverJourneyFunctionalTest" name="Test reject a refund request"><failure message="1 expectation failed.&#10;Expected status code &lt;201&gt; but was &lt;500&gt;.&#10;" type="java.lang.AssertionError">1 expectation failed.
Expected status code &lt;201&gt; but was &lt;500&gt;.
</failure><system-err>1 expectation failed.
Expected status code &lt;201&gt; but was &lt;500&gt;.

io.restassured.internal.ResponseSpecificationImpl.validateResponseIfRequired(ResponseSpecificationImpl.groovy:656)
io.restassured.internal.ResponseSpecificationImpl.statusCode(ResponseSpecificationImpl.groovy:125)
io.restassured.internal.ResponseSpecificationImpl.statusCode(ResponseSpecificationImpl.groovy:133)
io.restassured.internal.ValidatableResponseOptionsImpl.statusCode(ValidatableResponseOptionsImpl.java:119)
uk.gov.hmcts.reform.refunds.RefundsApproverJourneyFunctionalTest.test_reject_a_refund_request(RefundsServiceFunctionalTest.java:136)
org.springframework.test.context.junit4.statements.RunBeforeTestMethodCallbacks.evaluate(RunBeforeTestMethodCallbacks.java:75)
org.springframework.test.context.junit4.statements.RunAfterTestMethodCallbacks.evaluate(RunAfterTestMethodCallbacks.java:86)
org.springframework.test.context.junit4.statements.RunBeforeTestClassCallbacks.evaluate(RunBeforeTestClassCallbacks.java:61)
org.springframework.test.context.junit4.statements.RunAfterTestClassCallbacks.evaluate(RunAfterTestClassCallbacks.java:70)
</system-err></testcase><testcase classname="uk.gov.hmcts.reform.refunds.RefundsApproverJourneyFunctionalTest" name="Test resubmit refund journey"/><testcase classname="uk.gov.hmcts.reform.refunds.RefundsApproverJourneyFunctionalTest" name="Test get reasons"><skipped/></testcase></testsuite>
