<?xml version="1.0" encoding="UTF-8"?><testsuite errors="0" failures="1" name="uk.gov.hmcts.reform.refunds.RefundsApproverJourneyFunctionalTest" skipped="4" tests="10" time="38.41" timestamp="2021-09-27 03:39:17"><testcase classname="uk.gov.hmcts.reform.refunds.RefundsApproverJourneyFunctionalTest" name="Test reject a refund request"/><testcase classname="uk.gov.hmcts.reform.refunds.RefundsApproverJourneyFunctionalTest" name="Test resubmit refund journey"><failure message="&#10;expected: 1&#10; but was: 4" type="org.opentest4j.AssertionFailedError">
expected: 1
 but was: 4</failure><system-err>
expected: 1
 but was: 4
uk.gov.hmcts.reform.refunds.RefundsApproverJourneyFunctionalTest.test_resubmit_refund_journey(RefundsApproverJourneyFunctionalTest.java:348)
org.springframework.test.context.junit4.statements.RunBeforeTestMethodCallbacks.evaluate(RunBeforeTestMethodCallbacks.java:75)
org.springframework.test.context.junit4.statements.RunAfterTestMethodCallbacks.evaluate(RunAfterTestMethodCallbacks.java:86)
org.springframework.test.context.junit4.statements.RunBeforeTestClassCallbacks.evaluate(RunBeforeTestClassCallbacks.java:61)
org.springframework.test.context.junit4.statements.RunAfterTestClassCallbacks.evaluate(RunAfterTestClassCallbacks.java:70)
</system-err></testcase><testcase classname="uk.gov.hmcts.reform.refunds.RefundsApproverJourneyFunctionalTest" name="Test approval journey"><skipped/></testcase><testcase classname="uk.gov.hmcts.reform.refunds.RefundsApproverJourneyFunctionalTest" name="Test approve a refund request"><skipped/></testcase><testcase classname="uk.gov.hmcts.reform.refunds.RefundsApproverJourneyFunctionalTest" name="Test rejected journey"><skipped/></testcase><testcase classname="uk.gov.hmcts.reform.refunds.RefundsApproverJourneyFunctionalTest" name="Test invalid liberata update journey"><skipped/></testcase><testcase classname="uk.gov.hmcts.reform.refunds.RefundsApproverJourneyFunctionalTest" name="Test negative unauthorized user refund request"/><testcase classname="uk.gov.hmcts.reform.refunds.RefundsApproverJourneyFunctionalTest" name="Test sendback a refund request"/><testcase classname="uk.gov.hmcts.reform.refunds.RefundsApproverJourneyFunctionalTest" name="Test negative unknown action refund request"/><testcase classname="uk.gov.hmcts.reform.refunds.RefundsApproverJourneyFunctionalTest" name="Test get reasons"/></testsuite>