<?xml version="1.0" encoding="UTF-8"?><testsuite errors="0" failures="0" name="uk.gov.hmcts.reform.refunds.functional.RefundsApproverJourneyFunctionalTest" skipped="0" tests="13" time="58.01" timestamp="2021-10-13 02:40:35"><testcase classname="uk.gov.hmcts.reform.refunds.functional.RefundsApproverJourneyFunctionalTest" name="Test reject a refund request"/><testcase classname="uk.gov.hmcts.reform.refunds.functional.RefundsApproverJourneyFunctionalTest" name="Positive resubmit refund journey"/><testcase classname="uk.gov.hmcts.reform.refunds.functional.RefundsApproverJourneyFunctionalTest" name="Positive approval from liberata"/><testcase classname="uk.gov.hmcts.reform.refunds.functional.RefundsApproverJourneyFunctionalTest" name="Positive refund list for ccd case number journey"/><testcase classname="uk.gov.hmcts.reform.refunds.functional.RefundsApproverJourneyFunctionalTest" name="Test approve a refund request"/><testcase classname="uk.gov.hmcts.reform.refunds.functional.RefundsApproverJourneyFunctionalTest" name="Negative unauthorized user refund request"/><testcase classname="uk.gov.hmcts.reform.refunds.functional.RefundsApproverJourneyFunctionalTest" name="Positive rejected from liberata"/><testcase classname="uk.gov.hmcts.reform.refunds.functional.RefundsApproverJourneyFunctionalTest" name="Negative unknown action refund request"/><testcase classname="uk.gov.hmcts.reform.refunds.functional.RefundsApproverJourneyFunctionalTest" name="Test sendback a refund request"/><testcase classname="uk.gov.hmcts.reform.refunds.functional.RefundsApproverJourneyFunctionalTest" name="Test get reasons"/><testcase classname="uk.gov.hmcts.reform.refunds.functional.RefundsApproverJourneyFunctionalTest" name="Negative double approval from liberata"/><testcase classname="uk.gov.hmcts.reform.refunds.functional.RefundsApproverJourneyFunctionalTest" name="Positive get refund list for an approver"/><testcase classname="uk.gov.hmcts.reform.refunds.functional.RefundsApproverJourneyFunctionalTest" name="Negative approver can request refund but not self approve"/></testsuite>