<?xml version="1.0" encoding="UTF-8"?><testsuite errors="0" failures="0" name="RefundsApproverJourneyFunctionalTest" skipped="4" tests="10" time="40.4" timestamp="2021-09-27 05:18:10"><testcase classname="RefundsApproverJourneyFunctionalTest" name="Test reject a refund request"/><testcase classname="RefundsApproverJourneyFunctionalTest" name="Test resubmit refund journey"/><testcase classname="RefundsApproverJourneyFunctionalTest" name="Test approval journey"><skipped/></testcase><testcase classname="RefundsApproverJourneyFunctionalTest" name="Test approve a refund request"><skipped/></testcase><testcase classname="RefundsApproverJourneyFunctionalTest" name="Test rejected journey"><skipped/></testcase><testcase classname="RefundsApproverJourneyFunctionalTest" name="Test invalid liberata update journey"><skipped/></testcase><testcase classname="RefundsApproverJourneyFunctionalTest" name="Test negative unauthorized user refund request"/><testcase classname="RefundsApproverJourneyFunctionalTest" name="Test sendback a refund request"/><testcase classname="RefundsApproverJourneyFunctionalTest" name="Test negative unknown action refund request"/><testcase classname="RefundsApproverJourneyFunctionalTest" name="Test get reasons"/></testsuite>
