<?xml version="1.0" encoding="UTF-8"?><testsuite errors="0" failures="0" name="uk.gov.hmcts.reform.refunds.functional.RefundsApproverJourneyFunctionalTest" skipped="4" tests="10" time="43.41" timestamp="2021-09-27 10:36:04"><testcase classname="uk.gov.hmcts.reform.refunds.functional.RefundsApproverJourneyFunctionalTest" name="Test reject a refund request"/><testcase classname="uk.gov.hmcts.reform.refunds.functional.RefundsApproverJourneyFunctionalTest" name="Test resubmit refund journey"/><testcase classname="uk.gov.hmcts.reform.refunds.functional.RefundsApproverJourneyFunctionalTest" name="Test approval journey"><skipped/></testcase><testcase classname="uk.gov.hmcts.reform.refunds.functional.RefundsApproverJourneyFunctionalTest" name="Test approve a refund request"><skipped/></testcase><testcase classname="uk.gov.hmcts.reform.refunds.functional.RefundsApproverJourneyFunctionalTest" name="Test rejected journey"><skipped/></testcase><testcase classname="uk.gov.hmcts.reform.refunds.functional.RefundsApproverJourneyFunctionalTest" name="Test invalid liberata update journey"><skipped/></testcase><testcase classname="uk.gov.hmcts.reform.refunds.functional.RefundsApproverJourneyFunctionalTest" name="Test negative unauthorized user refund request"/><testcase classname="uk.gov.hmcts.reform.refunds.functional.RefundsApproverJourneyFunctionalTest" name="Test sendback a refund request"/><testcase classname="uk.gov.hmcts.reform.refunds.functional.RefundsApproverJourneyFunctionalTest" name="Test negative unknown action refund request"/><testcase classname="uk.gov.hmcts.reform.refunds.functional.RefundsApproverJourneyFunctionalTest" name="Test get reasons"/></testsuite>